This is pdfTeX, Version 3.141592653-2.6-1.40.27 (TeX Live 2025) (preloaded format=pdflatex 2025.4.9)  9 APR 2025 19:51
entering extended mode
 restricted \write18 enabled.
 %&-line parsing enabled.
**main.tex
(./main.tex
LaTeX2e <2024-11-01> patch level 2
L3 programming layer <2025-01-18>
(c:/texlive/2025/texmf-dist/tex/latex/base/article.cls
Document Class: article 2024/06/29 v1.4n Standard LaTeX document class
(c:/texlive/2025/texmf-dist/tex/latex/base/size12.clo
File: size12.clo 2024/06/29 v1.4n Standard LaTeX file (size option)
)
\c@part=\count196
\c@section=\count197
\c@subsection=\count198
\c@subsubsection=\count199
\c@paragraph=\count266
\c@subparagraph=\count267
\c@figure=\count268
\c@table=\count269
\abovecaptionskip=\skip49
\belowcaptionskip=\skip50
\bibindent=\dimen141
)
(c:/texlive/2025/texmf-dist/tex/latex/base/inputenc.sty
Package: inputenc 2024/02/08 v1.3d Input encoding file
\inpenc@prehook=\toks17
\inpenc@posthook=\toks18
)
(c:/texlive/2025/texmf-dist/tex/latex/geometry/geometry.sty
Package: geometry 2020/01/02 v5.9 Page Geometry

(c:/texlive/2025/texmf-dist/tex/latex/graphics/keyval.sty
Package: keyval 2022/05/29 v1.15 key=value parser (DPC)
\KV@toks@=\toks19
)
(c:/texlive/2025/texmf-dist/tex/generic/iftex/ifvtex.sty
Package: ifvtex 2019/10/25 v1.7 ifvtex legacy package. Use iftex instead.

(c:/texlive/2025/texmf-dist/tex/generic/iftex/iftex.sty
Package: iftex 2024/12/12 v1.0g TeX engine tests
))
\Gm@cnth=\count270
\Gm@cntv=\count271
\c@Gm@tempcnt=\count272
\Gm@bindingoffset=\dimen142
\Gm@wd@mp=\dimen143
\Gm@odd@mp=\dimen144
\Gm@even@mp=\dimen145
\Gm@layoutwidth=\dimen146
\Gm@layoutheight=\dimen147
\Gm@layouthoffset=\dimen148
\Gm@layoutvoffset=\dimen149
\Gm@dimlist=\toks20
)
(c:/texlive/2025/texmf-dist/tex/latex/fancyhdr/fancyhdr.sty
Package: fancyhdr 2025/02/07 v5.2 Extensive control of page headers and footers

\f@nch@headwidth=\skip51
\f@nch@offset@elh=\skip52
\f@nch@offset@erh=\skip53
\f@nch@offset@olh=\skip54
\f@nch@offset@orh=\skip55
\f@nch@offset@elf=\skip56
\f@nch@offset@erf=\skip57
\f@nch@offset@olf=\skip58
\f@nch@offset@orf=\skip59
\f@nch@height=\skip60
\f@nch@footalignment=\skip61
\f@nch@widthL=\skip62
\f@nch@widthC=\skip63
\f@nch@widthR=\skip64
\@temptokenb=\toks21
)
(c:/texlive/2025/texmf-dist/tex/latex/titlesec/titletoc.sty
Package: titletoc 2025/01/04 v2.17 TOC entries
\ttl@leftsep=\dimen150
)
(c:/texlive/2025/texmf-dist/tex/latex/tocloft/tocloft.sty
Package: tocloft 2017/08/31 v2.3i parameterised ToC, etc., typesetting
Package tocloft Info: The document has section divisions on input line 51.
\cftparskip=\skip65
\cftbeforetoctitleskip=\skip66
\cftaftertoctitleskip=\skip67
\cftbeforepartskip=\skip68
\cftpartnumwidth=\skip69
\cftpartindent=\skip70
\cftbeforesecskip=\skip71
\cftsecindent=\skip72
\cftsecnumwidth=\skip73
\cftbeforesubsecskip=\skip74
\cftsubsecindent=\skip75
\cftsubsecnumwidth=\skip76
\cftbeforesubsubsecskip=\skip77
\cftsubsubsecindent=\skip78
\cftsubsubsecnumwidth=\skip79
\cftbeforeparaskip=\skip80
\cftparaindent=\skip81
\cftparanumwidth=\skip82
\cftbeforesubparaskip=\skip83
\cftsubparaindent=\skip84
\cftsubparanumwidth=\skip85
\cftbeforeloftitleskip=\skip86
\cftafterloftitleskip=\skip87
\cftbeforefigskip=\skip88
\cftfigindent=\skip89
\cftfignumwidth=\skip90
\c@lofdepth=\count273
\c@lotdepth=\count274
\cftbeforelottitleskip=\skip91
\cftafterlottitleskip=\skip92
\cftbeforetabskip=\skip93
\cfttabindent=\skip94
\cfttabnumwidth=\skip95
)
(c:/texlive/2025/texmf-dist/tex/latex/tools/multicol.sty
Package: multicol 2024/09/14 v1.9i multicolumn formatting (FMi)
\c@tracingmulticols=\count275
\mult@box=\box52
\multicol@leftmargin=\dimen151
\c@unbalance=\count276
\c@collectmore=\count277
\doublecol@number=\count278
\multicoltolerance=\count279
\multicolpretolerance=\count280
\full@width=\dimen152
\page@free=\dimen153
\premulticols=\dimen154
\postmulticols=\dimen155
\multicolsep=\skip96
\multicolbaselineskip=\skip97
\partial@page=\box53
\last@line=\box54
\mc@boxedresult=\box55
\maxbalancingoverflow=\dimen156
\mult@rightbox=\box56
\mult@grightbox=\box57
\mult@firstbox=\box58
\mult@gfirstbox=\box59
\@tempa=\box60
\@tempa=\box61
\@tempa=\box62
\@tempa=\box63
\@tempa=\box64
\@tempa=\box65
\@tempa=\box66
\@tempa=\box67
\@tempa=\box68
\@tempa=\box69
\@tempa=\box70
\@tempa=\box71
\@tempa=\box72
\@tempa=\box73
\@tempa=\box74
\@tempa=\box75
\@tempa=\box76
\@tempa=\box77
\@tempa=\box78
\@tempa=\box79
\@tempa=\box80
\@tempa=\box81
\@tempa=\box82
\@tempa=\box83
\@tempa=\box84
\@tempa=\box85
\@tempa=\box86
\@tempa=\box87
\@tempa=\box88
\@tempa=\box89
\@tempa=\box90
\@tempa=\box91
\@tempa=\box92
\@tempa=\box93
\@tempa=\box94
\@tempa=\box95
\c@minrows=\count281
\c@columnbadness=\count282
\c@finalcolumnbadness=\count283
\last@try=\dimen157
\multicolovershoot=\dimen158
\multicolundershoot=\dimen159
\mult@nat@firstbox=\box96
\colbreak@box=\box97
\mc@col@check@num=\count284
)
(c:/texlive/2025/texmf-dist/tex/latex/setspace/setspace.sty
Package: setspace 2022/12/04 v6.7b set line spacing
)
(c:/texlive/2025/texmf-dist/tex/latex/graphics/graphicx.sty
Package: graphicx 2021/09/16 v1.2d Enhanced LaTeX Graphics (DPC,SPQR)

(c:/texlive/2025/texmf-dist/tex/latex/graphics/graphics.sty
Package: graphics 2024/08/06 v1.4g Standard LaTeX Graphics (DPC,SPQR)

(c:/texlive/2025/texmf-dist/tex/latex/graphics/trig.sty
Package: trig 2023/12/02 v1.11 sin cos tan (DPC)
)
(c:/texlive/2025/texmf-dist/tex/latex/graphics-cfg/graphics.cfg
File: graphics.cfg 2016/06/04 v1.11 sample graphics configuration
)
Package graphics Info: Driver file: pdftex.def on input line 106.

(c:/texlive/2025/texmf-dist/tex/latex/graphics-def/pdftex.def
File: pdftex.def 2024/04/13 v1.2c Graphics/color driver for pdftex
))
\Gin@req@height=\dimen160
\Gin@req@width=\dimen161
)
(c:/texlive/2025/texmf-dist/tex/latex/etoolbox/etoolbox.sty
Package: etoolbox 2025/02/11 v2.5l e-TeX tools for LaTeX (JAW)
\etb@tempcnta=\count285
)
(c:/texlive/2025/texmf-dist/tex/latex/enumitem/enumitem.sty
Package: enumitem 2025/02/06 v3.11 Customized lists
\labelindent=\skip98
\enit@outerparindent=\dimen162
\enit@toks=\toks22
\enit@inbox=\box98
\enit@count@id=\count286
\enitdp@description=\count287
)
(c:/texlive/2025/texmf-dist/tex/latex/listings/listings.sty
\lst@mode=\count288
\lst@gtempboxa=\box99
\lst@token=\toks23
\lst@length=\count289
\lst@currlwidth=\dimen163
\lst@column=\count290
\lst@pos=\count291
\lst@lostspace=\dimen164
\lst@width=\dimen165
\lst@newlines=\count292
\lst@lineno=\count293
\lst@maxwidth=\dimen166

(c:/texlive/2025/texmf-dist/tex/latex/listings/lstpatch.sty
File: lstpatch.sty 2024/09/23 1.10c (Carsten Heinz)
)
(c:/texlive/2025/texmf-dist/tex/latex/listings/lstmisc.sty
File: lstmisc.sty 2024/09/23 1.10c (Carsten Heinz)
\c@lstnumber=\count294
\lst@skipnumbers=\count295
\lst@framebox=\box100
)
(c:/texlive/2025/texmf-dist/tex/latex/listings/listings.cfg
File: listings.cfg 2024/09/23 1.10c listings configuration
))
Package: listings 2024/09/23 1.10c (Carsten Heinz)

(c:/texlive/2025/texmf-dist/tex/latex/graphics/color.sty
Package: color 2024/06/23 v1.3e Standard LaTeX Color (DPC)

(c:/texlive/2025/texmf-dist/tex/latex/graphics-cfg/color.cfg
File: color.cfg 2016/01/02 v1.6 sample color configuration
)
Package color Info: Driver file: pdftex.def on input line 149.

(c:/texlive/2025/texmf-dist/tex/latex/graphics/mathcolor.ltx))
(c:/texlive/2025/texmf-dist/tex/latex/amsmath/amsmath.sty
Package: amsmath 2024/11/05 v2.17t AMS math features
\@mathmargin=\skip99

For additional information on amsmath, use the `?' option.
(c:/texlive/2025/texmf-dist/tex/latex/amsmath/amstext.sty
Package: amstext 2021/08/26 v2.01 AMS text

(c:/texlive/2025/texmf-dist/tex/latex/amsmath/amsgen.sty
File: amsgen.sty 1999/11/30 v2.0 generic functions
\@emptytoks=\toks24
\ex@=\dimen167
))
(c:/texlive/2025/texmf-dist/tex/latex/amsmath/amsbsy.sty
Package: amsbsy 1999/11/29 v1.2d Bold Symbols
\pmbraise@=\dimen168
)
(c:/texlive/2025/texmf-dist/tex/latex/amsmath/amsopn.sty
Package: amsopn 2022/04/08 v2.04 operator names
)
\inf@bad=\count296
LaTeX Info: Redefining \frac on input line 233.
\uproot@=\count297
\leftroot@=\count298
LaTeX Info: Redefining \overline on input line 398.
LaTeX Info: Redefining \colon on input line 409.
\classnum@=\count299
\DOTSCASE@=\count300
LaTeX Info: Redefining \ldots on input line 495.
LaTeX Info: Redefining \dots on input line 498.
LaTeX Info: Redefining \cdots on input line 619.
\Mathstrutbox@=\box101
\strutbox@=\box102
LaTeX Info: Redefining \big on input line 721.
LaTeX Info: Redefining \Big on input line 722.
LaTeX Info: Redefining \bigg on input line 723.
LaTeX Info: Redefining \Bigg on input line 724.
\big@size=\dimen169
LaTeX Font Info:    Redeclaring font encoding OML on input line 742.
LaTeX Font Info:    Redeclaring font encoding OMS on input line 743.
\macc@depth=\count301
LaTeX Info: Redefining \bmod on input line 904.
LaTeX Info: Redefining \pmod on input line 909.
LaTeX Info: Redefining \smash on input line 939.
LaTeX Info: Redefining \relbar on input line 969.
LaTeX Info: Redefining \Relbar on input line 970.
\c@MaxMatrixCols=\count302
\dotsspace@=\muskip17
\c@parentequation=\count303
\dspbrk@lvl=\count304
\tag@help=\toks25
\row@=\count305
\column@=\count306
\maxfields@=\count307
\andhelp@=\toks26
\eqnshift@=\dimen170
\alignsep@=\dimen171
\tagshift@=\dimen172
\tagwidth@=\dimen173
\totwidth@=\dimen174
\lineht@=\dimen175
\@envbody=\toks27
\multlinegap=\skip100
\multlinetaggap=\skip101
\mathdisplay@stack=\toks28
LaTeX Info: Redefining \[ on input line 2953.
LaTeX Info: Redefining \] on input line 2954.
)
(c:/texlive/2025/texmf-dist/tex/latex/tools/array.sty
Package: array 2024/10/17 v2.6g Tabular extension package (FMi)
\col@sep=\dimen176
\ar@mcellbox=\box103
\extrarowheight=\dimen177
\NC@list=\toks29
\extratabsurround=\skip102
\backup@length=\skip103
\ar@cellbox=\box104
)
(c:/texlive/2025/texmf-dist/tex/latex/float/float.sty
Package: float 2001/11/08 v1.3d Float enhancements (AL)
\c@float@type=\count308
\float@exts=\toks30
\float@box=\box105
\@float@everytoks=\toks31
\@floatcapt=\box106
)
(c:/texlive/2025/texmf-dist/tex/latex/url/url.sty
\Urlmuskip=\muskip18
Package: url 2013/09/16  ver 3.4  Verb mode for urls, etc.
)
(c:/texlive/2025/texmf-dist/tex/latex/l3backend/l3backend-pdftex.def
File: l3backend-pdftex.def 2024-05-08 L3 backend support: PDF output (pdfTeX)
\l__color_backend_stack_int=\count309
\l__pdf_internal_box=\box107
)
(./main.aux)
\openout1 = `main.aux'.

LaTeX Font Info:    Checking defaults for OML/cmm/m/it on input line 75.
LaTeX Font Info:    ... okay on input line 75.
LaTeX Font Info:    Checking defaults for OMS/cmsy/m/n on input line 75.
LaTeX Font Info:    ... okay on input line 75.
LaTeX Font Info:    Checking defaults for OT1/cmr/m/n on input line 75.
LaTeX Font Info:    ... okay on input line 75.
LaTeX Font Info:    Checking defaults for T1/cmr/m/n on input line 75.
LaTeX Font Info:    ... okay on input line 75.
LaTeX Font Info:    Checking defaults for TS1/cmr/m/n on input line 75.
LaTeX Font Info:    ... okay on input line 75.
LaTeX Font Info:    Checking defaults for OMX/cmex/m/n on input line 75.
LaTeX Font Info:    ... okay on input line 75.
LaTeX Font Info:    Checking defaults for U/cmr/m/n on input line 75.
LaTeX Font Info:    ... okay on input line 75.

*geometry* driver: auto-detecting
*geometry* detected driver: pdftex
*geometry* verbose mode - [ preamble ] result:
* driver: pdftex
* paper: <default>
* layout: <same size as paper>
* layoutoffset:(h,v)=(0.0pt,0.0pt)
* modes: 
* h-part:(L,W,R)=(72.26999pt, 469.75502pt, 72.26999pt)
* v-part:(T,H,B)=(72.26999pt, 627.30263pt, 95.39737pt)
* \paperwidth=614.295pt
* \paperheight=794.96999pt
* \textwidth=469.75502pt
* \textheight=627.30263pt
* \oddsidemargin=0.0pt
* \evensidemargin=0.0pt
* \topmargin=-37.0pt
* \headheight=12.0pt
* \headsep=25.0pt
* \topskip=12.0pt
* \footskip=30.0pt
* \marginparwidth=44.0pt
* \marginparsep=10.0pt
* \columnsep=10.0pt
* \skip\footins=10.8pt plus 4.0pt minus 2.0pt
* \hoffset=0.0pt
* \voffset=0.0pt
* \mag=1000
* \@twocolumnfalse
* \@twosidefalse
* \@mparswitchfalse
* \@reversemarginfalse
* (1in=72.27pt=25.4mm, 1cm=28.453pt)

(c:/texlive/2025/texmf-dist/tex/context/base/mkii/supp-pdf.mkii
[Loading MPS to PDF converter (version 2006.09.02).]
\scratchcounter=\count310
\scratchdimen=\dimen178
\scratchbox=\box108
\nofMPsegments=\count311
\nofMParguments=\count312
\everyMPshowfont=\toks32
\MPscratchCnt=\count313
\MPscratchDim=\dimen179
\MPnumerator=\count314
\makeMPintoPDFobject=\count315
\everyMPtoPDFconversion=\toks33
) (c:/texlive/2025/texmf-dist/tex/latex/epstopdf-pkg/epstopdf-base.sty
Package: epstopdf-base 2020-01-24 v2.11 Base part for package epstopdf
Package epstopdf-base Info: Redefining graphics rule for `.eps' on input line 4
85.

(c:/texlive/2025/texmf-dist/tex/latex/latexconfig/epstopdf-sys.cfg
File: epstopdf-sys.cfg 2010/07/13 v1.3 Configuration of (r)epstopdf for TeX Liv
e
))
\c@lstlisting=\count316
<./images/template/Picture2.jpg, id=1, 130.98938pt x 130.98938pt>
File: ./images/template/Picture2.jpg Graphic file (type jpg)
<use ./images/template/Picture2.jpg>
Package pdftex.def Info: ./images/template/Picture2.jpg  used on input line 79.

(pdftex.def)             Requested size: 113.81102pt x 113.81392pt.
<./images/template/Picture1.png, id=2, 169.38281pt x 69.25874pt>
File: ./images/template/Picture1.png Graphic file (type png)
<use ./images/template/Picture1.png>
Package pdftex.def Info: ./images/template/Picture1.png  used on input line 80.

(pdftex.def)             Requested size: 170.71652pt x 69.80704pt.
<./images/template/pki-logo.png, id=4, 252.945pt x 204.765pt>
File: ./images/template/pki-logo.png Graphic file (type png)
<use ./images/template/pki-logo.png>
Package pdftex.def Info: ./images/template/pki-logo.png  used on input line 81.

(pdftex.def)             Requested size: 113.81102pt x 92.13402pt.


[1

{c:/texlive/2025/texmf-var/fonts/map/pdftex/updmap/pdftex.map} <./images/templa
te/Picture2.jpg> <./images/template/Picture1.png> <./images/template/pki-logo.p
ng>]

[1]

[2]

[3] (./main.toc

[4]

[5])
\tf@toc=\write3
\openout3 = `main.toc'.



[6]

[7]

[8{c:/texlive/2025/texmf-dist/fonts/enc/dvips/cm-super/cm-super-ts1.enc}]

[9]

[10]

[11]

[12]

[13]

[14]

[15]
Overfull \hbox (13.11278pt too wide) in paragraph at lines 366--366
[]\OT1/cmr/bx/n/17.28 Project De-sign Re-quire-ments, Spec-i-fi-ca-tions, and S
uc-
 []


Underfull \hbox (badness 10000) in paragraph at lines 390--390
[]|\OT1/cmr/m/n/12 Onboard data
 []


Underfull \hbox (badness 1859) in paragraph at lines 390--391
[]|\OT1/cmr/m/n/12 Ensures re-ten-tion of
 []


Underfull \hbox (badness 1014) in paragraph at lines 390--391
\OT1/cmr/m/n/12 flight, log, and sen-
 []


Underfull \hbox (badness 1762) in paragraph at lines 392--392
[]|\OT1/cmr/m/n/12 Data ac-ces-si-bil-
 []


Underfull \hbox (badness 10000) in paragraph at lines 392--392
[]|\OT1/cmr/m/n/12 Cross-platform
 []


Underfull \hbox (badness 10000) in paragraph at lines 392--392
[]|\OT1/cmr/m/n/12 Readable on
 []


Underfull \hbox (badness 2181) in paragraph at lines 392--392
\OT1/cmr/m/n/12 Mac OS, Win-
 []


Underfull \hbox (badness 10000) in paragraph at lines 392--392
\OT1/cmr/m/n/12 dows, De-bian
 []


Underfull \hbox (badness 10000) in paragraph at lines 398--398
[]|\OT1/cmr/m/n/12 Light sys-tem
 []


Underfull \hbox (badness 1275) in paragraph at lines 398--398
[]|\OT1/cmr/m/n/12 Flicker mod-u-la-
 []


Underfull \hbox (badness 5446) in paragraph at lines 400--400
[]|\OT1/cmr/m/n/12 Trace and via
 []


Underfull \hbox (badness 10000) in paragraph at lines 402--402
[]|\OT1/cmr/m/n/12 USB data
 []


Underfull \hbox (badness 10000) in paragraph at lines 402--402
[]|\OT1/cmr/m/n/12 Data trans-fer
 []


Underfull \hbox (badness 10000) in paragraph at lines 404--404
[]|\OT1/cmr/m/n/12 Firmware ro-
 []


Underfull \hbox (badness 10000) in paragraph at lines 406--406
[]|\OT1/cmr/m/n/12 Power on to
 []


Underfull \hbox (badness 4353) in paragraph at lines 406--407
[]|\OT1/cmr/m/n/12 Improves re-spon-sive-
 []


Underfull \hbox (badness 2846) in paragraph at lines 408--408
[]|\OT1/cmr/m/n/12 System pack-ag-
 []


Underfull \hbox (badness 10000) in paragraph at lines 408--408
[]|\OT1/cmr/m/n/12 Enclosure vol-
 []


Underfull \hbox (badness 3118) in paragraph at lines 408--409
[]|\OT1/cmr/m/n/12 Ensures drone com-
 []


Overfull \hbox (9.94049pt too wide) in paragraph at lines 386--411
 [][] 
 []



[16]

[17]

[18]

[19]

[20]

[21]

[22]

[23]

[24]
<./images/timer-configuration.png, id=97, 1130.2225pt x 379.4175pt>
File: ./images/timer-configuration.png Graphic file (type png)
<use ./images/timer-configuration.png>
Package pdftex.def Info: ./images/timer-configuration.png  used on input line 5
85.
(pdftex.def)             Requested size: 433.62pt x 145.56381pt.


[25 <./images/timer-configuration.png>]

[26]

[27]

[28]

[29]

[30]

[31]

[32]

[33]

[34]

[35]
LaTeX Font Info:    Trying to load font information for OML+cmr on input line 8
36.
 (c:/texlive/2025/texmf-dist/tex/latex/base/omlcmr.fd
File: omlcmr.fd 2024/11/19 v2.5n Standard LaTeX font definitions
)
LaTeX Font Info:    Font shape `OML/cmr/m/n' in size <12> not available
(Font)              Font shape `OML/cmm/m/it' tried instead on input line 836.


[36]

[37]

[38]

[39]

[40]

[41]

[42]

[43]

[44]

[45]

[46]

[47]

[48]
<./images/pcb-design-layout.png, id=176, 469.755pt x 220.4235pt>
File: ./images/pcb-design-layout.png Graphic file (type png)
<use ./images/pcb-design-layout.png>
Package pdftex.def Info: ./images/pcb-design-layout.png  used on input line 128
1.
(pdftex.def)             Requested size: 426.79134pt x 200.26279pt.
<images/drill-chart.png, id=177, 469.755pt x 197.23688pt>
File: images/drill-chart.png Graphic file (type png)
<use images/drill-chart.png>
Package pdftex.def Info: images/drill-chart.png  used on input line 1283.
(pdftex.def)             Requested size: 426.79134pt x 179.1969pt.
<images/silk-screen.png, id=178, 469.755pt x 222.07968pt>
File: images/silk-screen.png Graphic file (type png)
<use images/silk-screen.png>
Package pdftex.def Info: images/silk-screen.png  used on input line 1285.
(pdftex.def)             Requested size: 426.79134pt x 201.7675pt.
<images/right-side-of-PCB-casing.png, id=179, 469.755pt x 232.61906pt>
File: images/right-side-of-PCB-casing.png Graphic file (type png)
<use images/right-side-of-PCB-casing.png>
Package pdftex.def Info: images/right-side-of-PCB-casing.png  used on input lin
e 1287.
(pdftex.def)             Requested size: 426.79134pt x 211.34291pt.
<images/bottom-side-of-PCB-casing.png, id=180, 454.69875pt x 206.27063pt>
File: images/bottom-side-of-PCB-casing.png Graphic file (type png)
<use images/bottom-side-of-PCB-casing.png>
Package pdftex.def Info: images/bottom-side-of-PCB-casing.png  used on input li
ne 1289.
(pdftex.def)             Requested size: 426.79134pt x 193.61427pt.
<images/front-view-of-PCB-casing.png, id=181, 469.755pt x 162.6075pt>
File: images/front-view-of-PCB-casing.png Graphic file (type png)
<use images/front-view-of-PCB-casing.png>
Package pdftex.def Info: images/front-view-of-PCB-casing.png  used on input lin
e 1291.
(pdftex.def)             Requested size: 426.79134pt x 147.73486pt.
<images/top-view-PCB-casing-open.png, id=182, 384.6872pt x 310.91156pt>
File: images/top-view-PCB-casing-open.png Graphic file (type png)
<use images/top-view-PCB-casing-open.png>
Package pdftex.def Info: images/top-view-PCB-casing-open.png  used on input lin
e 1293.
(pdftex.def)             Requested size: 426.79134pt x 344.96408pt.
<images/top-front-view-PCB-casing-open.png, id=183, 510.40688pt x 267.24844pt>
File: images/top-front-view-PCB-casing-open.png Graphic file (type png)
<use images/top-front-view-PCB-casing-open.png>
Package pdftex.def Info: images/top-front-view-PCB-casing-open.png  used on inp
ut line 1295.
(pdftex.def)             Requested size: 426.79134pt x 223.47992pt.
<images/PCB-CAD-drawing.png, id=184, 465.23813pt x 252.945pt>
File: images/PCB-CAD-drawing.png Graphic file (type png)
<use images/PCB-CAD-drawing.png>
Package pdftex.def Info: images/PCB-CAD-drawing.png  used on input line 1297.
(pdftex.def)             Requested size: 426.79134pt x 232.04837pt.
<images/initial-PCB-footprint-layout.png, id=185, 468.24937pt x 220.57407pt>
File: images/initial-PCB-footprint-layout.png Graphic file (type png)
<use images/initial-PCB-footprint-layout.png>
Package pdftex.def Info: images/initial-PCB-footprint-layout.png  used on input
 line 1299.
(pdftex.def)             Requested size: 426.79134pt x 201.05591pt.
<images/parrot-AR-drone-casing.jpg, id=186, 314.67563pt x 235.63031pt>
File: images/parrot-AR-drone-casing.jpg Graphic file (type jpg)
<use images/parrot-AR-drone-casing.jpg>
Package pdftex.def Info: images/parrot-AR-drone-casing.jpg  used on input line 
1301.
(pdftex.def)             Requested size: 426.79134pt x 319.60086pt.
<images/parrot-anafi-USA-casing.jpg, id=187, 301.8915pt x 268.713pt>
File: images/parrot-anafi-USA-casing.jpg Graphic file (type jpg)
<use images/parrot-anafi-USA-casing.jpg>
Package pdftex.def Info: images/parrot-anafi-USA-casing.jpg  used on input line
 1303.
(pdftex.def)             Requested size: 426.79134pt x 379.90224pt.


[49 <./images/PCB-design-layout.png> <./images/drill-chart.png>]

[50 <./images/silk-screen.png> <./images/right-side-of-PCB-casing.png>]

[51 <./images/bottom-side-of-PCB-casing.png> <./images/front-view-of-PCB-casing
.png>]

[52 <./images/top-view-PCB-casing-open.png>]

[53 <./images/top-front-view-PCB-casing-open.png> <./images/PCB-CAD-drawing.png
>]

[54 <./images/initial-pcb-footprint-layout.png> <./images/parrot-AR-drone-casin
g.jpg>]

[55 <./images/parrot-anafi-USA-casing.jpg>]
Underfull \hbox (badness 1360) in paragraph at lines 1327--1328
\OT1/cmr/m/n/12 con-duc-tor, 2023. [On-line]. Avail-able: $\OT1/cmtt/m/n/12 htt
ps : / / www . onsemi . com / pdf / datasheet /
 []


Underfull \hbox (badness 1888) in paragraph at lines 1336--1337
[]\OT1/cmr/m/n/12 Microchip Tech-nol-ogy Inc., ``23LC1024 1 Mbit SPI Se-rial SR
AM,'' Mi-crochip
 []



[56]
Underfull \hbox (badness 10000) in paragraph at lines 1360--1361
\OT1/cmtt/m/n/12 productdocument / index / version / 2 / document _ type / Data
sheet / lang / en / sku /
 []



[57]

[58] (./main.aux)
 ***********
LaTeX2e <2024-11-01> patch level 2
L3 programming layer <2025-01-18>
 ***********
 ) 
Here is how much of TeX's memory you used:
 6092 strings out of 473190
 95152 string characters out of 5719974
 514977 words of memory out of 5000000
 29284 multiletter control sequences out of 15000+600000
 565217 words of font info for 58 fonts, out of 8000000 for 9000
 1141 hyphenation exceptions out of 8191
 57i,11n,65p,943b,327s stack positions out of 10000i,1000n,20000p,200000b,200000s
<c:/texlive/2025/texmf-dist/fonts/type1/public/amsfonts/cm/cmbx12.pfb><c:/tex
live/2025/texmf-dist/fonts/type1/public/amsfonts/cm/cmmi12.pfb><c:/texlive/2025
/texmf-dist/fonts/type1/public/amsfonts/cm/cmr10.pfb><c:/texlive/2025/texmf-dis
t/fonts/type1/public/amsfonts/cm/cmr12.pfb><c:/texlive/2025/texmf-dist/fonts/ty
pe1/public/amsfonts/cm/cmr17.pfb><c:/texlive/2025/texmf-dist/fonts/type1/public
/amsfonts/cm/cmr8.pfb><c:/texlive/2025/texmf-dist/fonts/type1/public/amsfonts/c
m/cmsy10.pfb><c:/texlive/2025/texmf-dist/fonts/type1/public/amsfonts/cm/cmti12.
pfb><c:/texlive/2025/texmf-dist/fonts/type1/public/amsfonts/cm/cmtt12.pfb><c:/t
exlive/2025/texmf-dist/fonts/type1/public/cm-super/sfrm1200.pfb>
Output written on main.pdf (59 pages, 1222137 bytes).
PDF statistics:
 276 PDF objects out of 1000 (max. 8388607)
 164 compressed objects within 2 object streams
 0 named destinations out of 1000 (max. 500000)
 81 words of extra memory for PDF output out of 10000 (max. 10000000)

